<?xml version="1.0" encoding="UTF-8"?>
<!-- Generated by org.testng.reporters.JUnitXMLReporter -->
<testsuite hostname="NGL03540" name="test" tests="5" failures="5" timestamp="15 Dec 2015 12:32:31 GMT" time="6.228" errors="0">
  <testcase name="testValidLogin" time="6.166" classname="testcases.TestAdactinLogin">
    <failure type="java.lang.NullPointerException">
      <![CDATA[java.lang.NullPointerException
	at testcases.TestAdactinLogin.testValidLogin(TestAdactinLogin.java:58)
... Removed 24 stack frames]]>
    </failure>
  </testcase> <!-- testValidLogin -->
  <testcase name="testInvalidLogin" time="0.0" classname="testcases.TestAdactinInvalidLogin">
    <failure type="java.lang.NullPointerException">
      <![CDATA[java.lang.NullPointerException
	at adactinPages.AdactinLogin.setUserName(AdactinLogin.java:24)
	at testcases.TestAdactinInvalidLogin.testInvalidLogin(TestAdactinInvalidLogin.java:56)
... Removed 24 stack frames]]>
    </failure>
  </testcase> <!-- testInvalidLogin -->
  <testcase name="testInvalidLogin" time="0.0" classname="testcases.TestAdactinInvalidLogin">
    <failure type="java.lang.NullPointerException">
      <![CDATA[java.lang.NullPointerException
	at adactinPages.AdactinLogin.setUserName(AdactinLogin.java:24)
	at testcases.TestAdactinInvalidLogin.testInvalidLogin(TestAdactinInvalidLogin.java:56)
... Removed 24 stack frames]]>
    </failure>
  </testcase> <!-- testInvalidLogin -->
  <testcase name="testInvalidLogin" time="0.0" classname="testcases.TestAdactinInvalidLogin">
    <failure type="java.lang.NullPointerException">
      <![CDATA[java.lang.NullPointerException
	at adactinPages.AdactinLogin.setUserName(AdactinLogin.java:24)
	at testcases.TestAdactinInvalidLogin.testInvalidLogin(TestAdactinInvalidLogin.java:56)
... Removed 24 stack frames]]>
    </failure>
  </testcase> <!-- testInvalidLogin -->
  <testcase name="testInvalidLogin" time="0.016" classname="testcases.TestAdactinInvalidLogin">
    <failure type="java.lang.NullPointerException">
      <![CDATA[java.lang.NullPointerException
	at adactinPages.AdactinLogin.setUserName(AdactinLogin.java:24)
	at testcases.TestAdactinInvalidLogin.testInvalidLogin(TestAdactinInvalidLogin.java:56)
... Removed 24 stack frames]]>
    </failure>
  </testcase> <!-- testInvalidLogin -->
</testsuite> <!-- test -->
